<?xml version="1.0" encoding="UTF-8"?>
<testsuite xmlns:xsi="http://www.w3.org/2001/XMLSchema-instance" xsi:noNamespaceSchemaLocation="https://maven.apache.org/surefire/maven-surefire-plugin/xsd/surefire-test-report.xsd" version="3.0.2" name="pj.notice.service.NoticeEntityServiceTest" time="0.144" tests="2" errors="0" skipped="0" failures="1">
  <properties>
[...]
</properties>
  <testcase name="testSearchByKeyword" classname="pj.notice.service.NoticeEntityServiceTest" time="0.062">
    <failure message="검색 결과가 비어있으면 안됩니다 ==&gt; expected: &lt;true&gt; but was: &lt;false&gt;" type="org.opentest4j.AssertionFailedError"><![CDATA[org.opentest4j.AssertionFailedError: 검색 결과가 비어있으면 안됩니다 ==> expected: <true> but was: <false>
	at org.junit.jupiter.api.AssertionFailureBuilder.build(AssertionFailureBuilder.java:151)
	at org.junit.jupiter.api.AssertionFailureBuilder.buildAndThrow(AssertionFailureBuilder.java:132)
	at org.junit.jupiter.api.AssertTrue.failNotTrue(AssertTrue.java:63)
	at org.junit.jupiter.api.AssertTrue.assertTrue(AssertTrue.java:36)
	at org.junit.jupiter.api.Assertions.assertTrue(Assertions.java:214)
	at pj.notice.service.NoticeEntityServiceTest.testSearchByKeyword(NoticeEntityServiceTest.java:65)
	at java.base/java.lang.reflect.Method.invoke(Method.java:580)
	at java.base/java.util.ArrayList.forEach(ArrayList.java:1596)
	at java.base/java.util.ArrayList.forEach(ArrayList.java:1596)
]]></failure>
    <system-out><![CDATA[2026-05-03T15:04:18.634+09:00  INFO 13756 --- [Project] [           main] t.c.s.AnnotationConfigContextLoaderUtils : Could not detect default configuration classes for test class [pj.notice.service.NoticeEntityServiceTest]: NoticeEntityServiceTest does not declare any static, non-private, non-final, nested classes annotated with @Configuration.
2026-05-03T15:04:18.640+09:00  INFO 13756 --- [Project] [           main] .b.t.c.SpringBootTestContextBootstrapper : Found @SpringBootConfiguration pj.ProjectApplication for test class pj.notice.service.NoticeEntityServiceTest
]]></system-out>
  </testcase>
  <testcase name="testSaveAndRetrieveEntities" classname="pj.notice.service.NoticeEntityServiceTest" time="0.052">
    <system-out><![CDATA[=== Service saveBulk 진입 ===
entities size = 2
entity text = 삼성전자
entity type = COMPANY
file name = 12345_test.pdf
entity text = 노트북
entity type = PRODUCT
file name = 12345_test.pdf
DB insert 시작, count = 2
DB insert 완료
]]></system-out>
  </testcase>
</testsuite>